Determining if the pthread_create exist failed with the following output:
Change Dir: /home/aadc/Desktop/audi/AADC/src/aadcUser/AltarObjectDetection/darknet/build/CMakeFiles/CMakeTmp

Run Build Command:"/usr/bin/make" "cmTC_a2fbc/fast"
/usr/bin/make -f CMakeFiles/cmTC_a2fbc.dir/build.make CMakeFiles/cmTC_a2fbc.dir/build
make[1]: Entering directory '/home/aadc/Desktop/audi/AADC/src/aadcUser/AltarObjectDetection/darknet/build/CMakeFiles/CMakeTmp'
Building C object CMakeFiles/cmTC_a2fbc.dir/CheckSymbolExists.c.o
/usr/bin/cc   -fPIC    -o CMakeFiles/cmTC_a2fbc.dir/CheckSymbolExists.c.o   -c /home/aadc/Desktop/audi/AADC/src/aadcUser/AltarObjectDetection/darknet/build/CMakeFiles/CMakeTmp/CheckSymbolExists.c
Linking C executable cmTC_a2fbc
/usr/local/bin/cmake -E cmake_link_script CMakeFiles/cmTC_a2fbc.dir/link.txt --verbose=1
/usr/bin/cc -fPIC     CMakeFiles/cmTC_a2fbc.dir/CheckSymbolExists.c.o  -o cmTC_a2fbc 
CMakeFiles/cmTC_a2fbc.dir/CheckSymbolExists.c.o: In function `main':
CheckSymbolExists.c:(.text+0x1b): undefined reference to `pthread_create'
collect2: error: ld returned 1 exit status
CMakeFiles/cmTC_a2fbc.dir/build.make:86: recipe for target 'cmTC_a2fbc' failed
make[1]: *** [cmTC_a2fbc] Error 1
make[1]: Leaving directory '/home/aadc/Desktop/audi/AADC/src/aadcUser/AltarObjectDetection/darknet/build/CMakeFiles/CMakeTmp'
Makefile:126: recipe for target 'cmTC_a2fbc/fast' failed
make: *** [cmTC_a2fbc/fast] Error 2

File /home/aadc/Desktop/audi/AADC/src/aadcUser/AltarObjectDetection/darknet/build/CMakeFiles/CMakeTmp/CheckSymbolExists.c:
/* */
#include <pthread.h>

int main(int argc, char** argv)
{
  (void)argv;
#ifndef pthread_create
  return ((int*)(&pthread_create))[argc];
#else
  (void)argc;
  return 0;
#endif
}

Determining if the function pthread_create exists in the pthreads failed with the following output:
Change Dir: /home/aadc/Desktop/audi/AADC/src/aadcUser/AltarObjectDetection/darknet/build/CMakeFiles/CMakeTmp

Run Build Command:"/usr/bin/make" "cmTC_e416f/fast"
/usr/bin/make -f CMakeFiles/cmTC_e416f.dir/build.make CMakeFiles/cmTC_e416f.dir/build
make[1]: Entering directory '/home/aadc/Desktop/audi/AADC/src/aadcUser/AltarObjectDetection/darknet/build/CMakeFiles/CMakeTmp'
Building C object CMakeFiles/cmTC_e416f.dir/CheckFunctionExists.c.o
/usr/bin/cc   -fPIC -DCHECK_FUNCTION_EXISTS=pthread_create   -o CMakeFiles/cmTC_e416f.dir/CheckFunctionExists.c.o   -c /usr/local/share/cmake-3.11/Modules/CheckFunctionExists.c
Linking C executable cmTC_e416f
/usr/local/bin/cmake -E cmake_link_script CMakeFiles/cmTC_e416f.dir/link.txt --verbose=1
/usr/bin/cc -fPIC -DCHECK_FUNCTION_EXISTS=pthread_create    CMakeFiles/cmTC_e416f.dir/CheckFunctionExists.c.o  -o cmTC_e416f -lpthreads 
/usr/bin/ld: cannot find -lpthreads
collect2: error: ld returned 1 exit status
CMakeFiles/cmTC_e416f.dir/build.make:86: recipe for target 'cmTC_e416f' failed
make[1]: *** [cmTC_e416f] Error 1
make[1]: Leaving directory '/home/aadc/Desktop/audi/AADC/src/aadcUser/AltarObjectDetection/darknet/build/CMakeFiles/CMakeTmp'
Makefile:126: recipe for target 'cmTC_e416f/fast' failed
make: *** [cmTC_e416f/fast] Error 2


